[2026-03-22 13:03:56] production.ERROR: The /home/edvin/projects/demo-app/bootstrap/cache directory must be present and writable. {"exception":"[object] (Exception(code: 0): The /home/edvin/projects/demo-app/bootstrap/cache directory must be present and writable. at /home/edvin/projects/demo-app/vendor/laravel/framework/src/Illuminate/Foundation/PackageManifest.php:179)
[stacktrace]
#0 /home/edvin/projects/demo-app/vendor/laravel/framework/src/Illuminate/Foundation/PackageManifest.php(132): Illuminate\\Foundation\\PackageManifest->write()
#1 /home/edvin/projects/demo-app/vendor/laravel/framework/src/Illuminate/Foundation/PackageManifest.php(108): Illuminate\\Foundation\\PackageManifest->build()
#2 /home/edvin/projects/demo-app/vendor/laravel/framework/src/Illuminate/Foundation/PackageManifest.php(90): Illuminate\\Foundation\\PackageManifest->getManifest()
#3 /home/edvin/projects/demo-app/vendor/laravel/framework/src/Illuminate/Foundation/PackageManifest.php(79): Illuminate\\Foundation\\PackageManifest->config()
#4 /home/edvin/projects/demo-app/vendor/laravel/framework/src/Illuminate/Foundation/Bootstrap/RegisterFacades.php(26): Illuminate\\Foundation\\PackageManifest->aliases()
#5 /home/edvin/projects/demo-app/vendor/laravel/framework/src/Illuminate/Foundation/Application.php(342): Illuminate\\Foundation\\Bootstrap\\RegisterFacades->bootstrap()
#6 /home/edvin/projects/demo-app/vendor/laravel/framework/src/Illuminate/Foundation/Console/Kernel.php(494): Illuminate\\Foundation\\Application->bootstrapWith()
#7 /home/edvin/projects/demo-app/vendor/laravel/framework/src/Illuminate/Foundation/Console/Kernel.php(196): Illuminate\\Foundation\\Console\\Kernel->bootstrap()
#8 /home/edvin/projects/demo-app/vendor/laravel/framework/src/Illuminate/Foundation/Application.php(1235): Illuminate\\Foundation\\Console\\Kernel->handle()
#9 /home/edvin/projects/demo-app/artisan(13): Illuminate\\Foundation\\Application->handleCommand()
#10 {main}
"} 
[2026-03-22 13:04:11] production.ERROR: Failed to create broadcaster for connection "reverb" with error: Pusher\Pusher::__construct(): Argument #1 ($auth_key) must be of type string, null given, called in /home/edvin/projects/demo-app/vendor/laravel/framework/src/Illuminate/Broadcasting/BroadcastManager.php on line 353. {"exception":"[object] (RuntimeException(code: 0): Failed to create broadcaster for connection \"reverb\" with error: Pusher\\Pusher::__construct(): Argument #1 ($auth_key) must be of type string, null given, called in /home/edvin/projects/demo-app/vendor/laravel/framework/src/Illuminate/Broadcasting/BroadcastManager.php on line 353. at /home/edvin/projects/demo-app/vendor/laravel/framework/src/Illuminate/Broadcasting/BroadcastManager.php:297)
[stacktrace]
#0 /home/edvin/projects/demo-app/vendor/laravel/framework/src/Illuminate/Broadcasting/BroadcastManager.php(265): Illuminate\\Broadcasting\\BroadcastManager->resolve()
#1 /home/edvin/projects/demo-app/vendor/laravel/framework/src/Illuminate/Broadcasting/BroadcastManager.php(254): Illuminate\\Broadcasting\\BroadcastManager->get()
#2 /home/edvin/projects/demo-app/vendor/laravel/framework/src/Illuminate/Broadcasting/BroadcastManager.php(550): Illuminate\\Broadcasting\\BroadcastManager->driver()
#3 /home/edvin/projects/demo-app/vendor/laravel/framework/src/Illuminate/Support/Facades/Facade.php(363): Illuminate\\Broadcasting\\BroadcastManager->__call()
#4 /home/edvin/projects/demo-app/routes/channels.php(7): Illuminate\\Support\\Facades\\Facade::__callStatic()
#5 /home/edvin/projects/demo-app/vendor/laravel/framework/src/Illuminate/Foundation/Configuration/ApplicationBuilder.php(132): require('...')
#6 /home/edvin/projects/demo-app/vendor/laravel/framework/src/Illuminate/Foundation/Application.php(1194): Illuminate\\Foundation\\Configuration\\ApplicationBuilder->{closure:Illuminate\\Foundation\\Configuration\\ApplicationBuilder::withBroadcasting():128}()
#7 /home/edvin/projects/demo-app/vendor/laravel/framework/src/Illuminate/Foundation/Application.php(1137): Illuminate\\Foundation\\Application->fireAppCallbacks()
#8 /home/edvin/projects/demo-app/vendor/laravel/framework/src/Illuminate/Foundation/Bootstrap/BootProviders.php(17): Illuminate\\Foundation\\Application->boot()
#9 /home/edvin/projects/demo-app/vendor/laravel/framework/src/Illuminate/Foundation/Application.php(342): Illuminate\\Foundation\\Bootstrap\\BootProviders->bootstrap()
#10 /home/edvin/projects/demo-app/vendor/laravel/framework/src/Illuminate/Foundation/Console/Kernel.php(494): Illuminate\\Foundation\\Application->bootstrapWith()
#11 /home/edvin/projects/demo-app/vendor/laravel/framework/src/Illuminate/Foundation/Console/Kernel.php(196): Illuminate\\Foundation\\Console\\Kernel->bootstrap()
#12 /home/edvin/projects/demo-app/vendor/laravel/framework/src/Illuminate/Foundation/Application.php(1235): Illuminate\\Foundation\\Console\\Kernel->handle()
#13 /home/edvin/projects/demo-app/artisan(13): Illuminate\\Foundation\\Application->handleCommand()
#14 {main}

[previous exception] [object] (TypeError(code: 0): Pusher\\Pusher::__construct(): Argument #1 ($auth_key) must be of type string, null given, called in /home/edvin/projects/demo-app/vendor/laravel/framework/src/Illuminate/Broadcasting/BroadcastManager.php on line 353 at /home/edvin/projects/demo-app/vendor/pusher/pusher-php-server/src/Pusher.php:63)
[stacktrace]
#0 /home/edvin/projects/demo-app/vendor/laravel/framework/src/Illuminate/Broadcasting/BroadcastManager.php(353): Pusher\\Pusher->__construct()
#1 /home/edvin/projects/demo-app/vendor/laravel/framework/src/Illuminate/Broadcasting/BroadcastManager.php(331): Illuminate\\Broadcasting\\BroadcastManager->pusher()
#2 /home/edvin/projects/demo-app/vendor/laravel/framework/src/Illuminate/Broadcasting/BroadcastManager.php(320): Illuminate\\Broadcasting\\BroadcastManager->createPusherDriver()
#3 /home/edvin/projects/demo-app/vendor/laravel/framework/src/Illuminate/Broadcasting/BroadcastManager.php(295): Illuminate\\Broadcasting\\BroadcastManager->createReverbDriver()
#4 /home/edvin/projects/demo-app/vendor/laravel/framework/src/Illuminate/Broadcasting/BroadcastManager.php(265): Illuminate\\Broadcasting\\BroadcastManager->resolve()
#5 /home/edvin/projects/demo-app/vendor/laravel/framework/src/Illuminate/Broadcasting/BroadcastManager.php(254): Illuminate\\Broadcasting\\BroadcastManager->get()
#6 /home/edvin/projects/demo-app/vendor/laravel/framework/src/Illuminate/Broadcasting/BroadcastManager.php(550): Illuminate\\Broadcasting\\BroadcastManager->driver()
#7 /home/edvin/projects/demo-app/vendor/laravel/framework/src/Illuminate/Support/Facades/Facade.php(363): Illuminate\\Broadcasting\\BroadcastManager->__call()
#8 /home/edvin/projects/demo-app/routes/channels.php(7): Illuminate\\Support\\Facades\\Facade::__callStatic()
#9 /home/edvin/projects/demo-app/vendor/laravel/framework/src/Illuminate/Foundation/Configuration/ApplicationBuilder.php(132): require('...')
#10 /home/edvin/projects/demo-app/vendor/laravel/framework/src/Illuminate/Foundation/Application.php(1194): Illuminate\\Foundation\\Configuration\\ApplicationBuilder->{closure:Illuminate\\Foundation\\Configuration\\ApplicationBuilder::withBroadcasting():128}()
#11 /home/edvin/projects/demo-app/vendor/laravel/framework/src/Illuminate/Foundation/Application.php(1137): Illuminate\\Foundation\\Application->fireAppCallbacks()
#12 /home/edvin/projects/demo-app/vendor/laravel/framework/src/Illuminate/Foundation/Bootstrap/BootProviders.php(17): Illuminate\\Foundation\\Application->boot()
#13 /home/edvin/projects/demo-app/vendor/laravel/framework/src/Illuminate/Foundation/Application.php(342): Illuminate\\Foundation\\Bootstrap\\BootProviders->bootstrap()
#14 /home/edvin/projects/demo-app/vendor/laravel/framework/src/Illuminate/Foundation/Console/Kernel.php(494): Illuminate\\Foundation\\Application->bootstrapWith()
#15 /home/edvin/projects/demo-app/vendor/laravel/framework/src/Illuminate/Foundation/Console/Kernel.php(196): Illuminate\\Foundation\\Console\\Kernel->bootstrap()
#16 /home/edvin/projects/demo-app/vendor/laravel/framework/src/Illuminate/Foundation/Application.php(1235): Illuminate\\Foundation\\Console\\Kernel->handle()
#17 /home/edvin/projects/demo-app/artisan(13): Illuminate\\Foundation\\Application->handleCommand()
#18 {main}
"} 
[2026-03-22 13:04:39] production.ERROR: Failed to create broadcaster for connection "reverb" with error: Pusher\Pusher::__construct(): Argument #1 ($auth_key) must be of type string, null given, called in /home/edvin/projects/demo-app/vendor/laravel/framework/src/Illuminate/Broadcasting/BroadcastManager.php on line 353. {"exception":"[object] (RuntimeException(code: 0): Failed to create broadcaster for connection \"reverb\" with error: Pusher\\Pusher::__construct(): Argument #1 ($auth_key) must be of type string, null given, called in /home/edvin/projects/demo-app/vendor/laravel/framework/src/Illuminate/Broadcasting/BroadcastManager.php on line 353. at /home/edvin/projects/demo-app/vendor/laravel/framework/src/Illuminate/Broadcasting/BroadcastManager.php:297)
[stacktrace]
#0 /home/edvin/projects/demo-app/vendor/laravel/framework/src/Illuminate/Broadcasting/BroadcastManager.php(265): Illuminate\\Broadcasting\\BroadcastManager->resolve()
#1 /home/edvin/projects/demo-app/vendor/laravel/framework/src/Illuminate/Broadcasting/BroadcastManager.php(254): Illuminate\\Broadcasting\\BroadcastManager->get()
#2 /home/edvin/projects/demo-app/vendor/laravel/framework/src/Illuminate/Broadcasting/BroadcastManager.php(550): Illuminate\\Broadcasting\\BroadcastManager->driver()
#3 /home/edvin/projects/demo-app/vendor/laravel/framework/src/Illuminate/Support/Facades/Facade.php(363): Illuminate\\Broadcasting\\BroadcastManager->__call()
#4 /home/edvin/projects/demo-app/routes/channels.php(7): Illuminate\\Support\\Facades\\Facade::__callStatic()
#5 /home/edvin/projects/demo-app/vendor/laravel/framework/src/Illuminate/Foundation/Configuration/ApplicationBuilder.php(132): require('...')
#6 /home/edvin/projects/demo-app/vendor/laravel/framework/src/Illuminate/Foundation/Application.php(1194): Illuminate\\Foundation\\Configuration\\ApplicationBuilder->{closure:Illuminate\\Foundation\\Configuration\\ApplicationBuilder::withBroadcasting():128}()
#7 /home/edvin/projects/demo-app/vendor/laravel/framework/src/Illuminate/Foundation/Application.php(1137): Illuminate\\Foundation\\Application->fireAppCallbacks()
#8 /home/edvin/projects/demo-app/vendor/laravel/framework/src/Illuminate/Foundation/Bootstrap/BootProviders.php(17): Illuminate\\Foundation\\Application->boot()
#9 /home/edvin/projects/demo-app/vendor/laravel/framework/src/Illuminate/Foundation/Application.php(342): Illuminate\\Foundation\\Bootstrap\\BootProviders->bootstrap()
#10 /home/edvin/projects/demo-app/vendor/laravel/framework/src/Illuminate/Foundation/Console/Kernel.php(494): Illuminate\\Foundation\\Application->bootstrapWith()
#11 /home/edvin/projects/demo-app/vendor/laravel/framework/src/Illuminate/Foundation/Console/Kernel.php(196): Illuminate\\Foundation\\Console\\Kernel->bootstrap()
#12 /home/edvin/projects/demo-app/vendor/laravel/framework/src/Illuminate/Foundation/Application.php(1235): Illuminate\\Foundation\\Console\\Kernel->handle()
#13 /home/edvin/projects/demo-app/artisan(13): Illuminate\\Foundation\\Application->handleCommand()
#14 {main}

[previous exception] [object] (TypeError(code: 0): Pusher\\Pusher::__construct(): Argument #1 ($auth_key) must be of type string, null given, called in /home/edvin/projects/demo-app/vendor/laravel/framework/src/Illuminate/Broadcasting/BroadcastManager.php on line 353 at /home/edvin/projects/demo-app/vendor/pusher/pusher-php-server/src/Pusher.php:63)
[stacktrace]
#0 /home/edvin/projects/demo-app/vendor/laravel/framework/src/Illuminate/Broadcasting/BroadcastManager.php(353): Pusher\\Pusher->__construct()
#1 /home/edvin/projects/demo-app/vendor/laravel/framework/src/Illuminate/Broadcasting/BroadcastManager.php(331): Illuminate\\Broadcasting\\BroadcastManager->pusher()
#2 /home/edvin/projects/demo-app/vendor/laravel/framework/src/Illuminate/Broadcasting/BroadcastManager.php(320): Illuminate\\Broadcasting\\BroadcastManager->createPusherDriver()
#3 /home/edvin/projects/demo-app/vendor/laravel/framework/src/Illuminate/Broadcasting/BroadcastManager.php(295): Illuminate\\Broadcasting\\BroadcastManager->createReverbDriver()
#4 /home/edvin/projects/demo-app/vendor/laravel/framework/src/Illuminate/Broadcasting/BroadcastManager.php(265): Illuminate\\Broadcasting\\BroadcastManager->resolve()
#5 /home/edvin/projects/demo-app/vendor/laravel/framework/src/Illuminate/Broadcasting/BroadcastManager.php(254): Illuminate\\Broadcasting\\BroadcastManager->get()
#6 /home/edvin/projects/demo-app/vendor/laravel/framework/src/Illuminate/Broadcasting/BroadcastManager.php(550): Illuminate\\Broadcasting\\BroadcastManager->driver()
#7 /home/edvin/projects/demo-app/vendor/laravel/framework/src/Illuminate/Support/Facades/Facade.php(363): Illuminate\\Broadcasting\\BroadcastManager->__call()
#8 /home/edvin/projects/demo-app/routes/channels.php(7): Illuminate\\Support\\Facades\\Facade::__callStatic()
#9 /home/edvin/projects/demo-app/vendor/laravel/framework/src/Illuminate/Foundation/Configuration/ApplicationBuilder.php(132): require('...')
#10 /home/edvin/projects/demo-app/vendor/laravel/framework/src/Illuminate/Foundation/Application.php(1194): Illuminate\\Foundation\\Configuration\\ApplicationBuilder->{closure:Illuminate\\Foundation\\Configuration\\ApplicationBuilder::withBroadcasting():128}()
#11 /home/edvin/projects/demo-app/vendor/laravel/framework/src/Illuminate/Foundation/Application.php(1137): Illuminate\\Foundation\\Application->fireAppCallbacks()
#12 /home/edvin/projects/demo-app/vendor/laravel/framework/src/Illuminate/Foundation/Bootstrap/BootProviders.php(17): Illuminate\\Foundation\\Application->boot()
#13 /home/edvin/projects/demo-app/vendor/laravel/framework/src/Illuminate/Foundation/Application.php(342): Illuminate\\Foundation\\Bootstrap\\BootProviders->bootstrap()
#14 /home/edvin/projects/demo-app/vendor/laravel/framework/src/Illuminate/Foundation/Console/Kernel.php(494): Illuminate\\Foundation\\Application->bootstrapWith()
#15 /home/edvin/projects/demo-app/vendor/laravel/framework/src/Illuminate/Foundation/Console/Kernel.php(196): Illuminate\\Foundation\\Console\\Kernel->bootstrap()
#16 /home/edvin/projects/demo-app/vendor/laravel/framework/src/Illuminate/Foundation/Application.php(1235): Illuminate\\Foundation\\Console\\Kernel->handle()
#17 /home/edvin/projects/demo-app/artisan(13): Illuminate\\Foundation\\Application->handleCommand()
#18 {main}
"} 
[2026-03-22 13:04:59] production.ERROR: Failed to create broadcaster for connection "reverb" with error: Pusher\Pusher::__construct(): Argument #1 ($auth_key) must be of type string, null given, called in /home/edvin/projects/demo-app/vendor/laravel/framework/src/Illuminate/Broadcasting/BroadcastManager.php on line 353. {"exception":"[object] (RuntimeException(code: 0): Failed to create broadcaster for connection \"reverb\" with error: Pusher\\Pusher::__construct(): Argument #1 ($auth_key) must be of type string, null given, called in /home/edvin/projects/demo-app/vendor/laravel/framework/src/Illuminate/Broadcasting/BroadcastManager.php on line 353. at /home/edvin/projects/demo-app/vendor/laravel/framework/src/Illuminate/Broadcasting/BroadcastManager.php:297)
[stacktrace]
#0 /home/edvin/projects/demo-app/vendor/laravel/framework/src/Illuminate/Broadcasting/BroadcastManager.php(265): Illuminate\\Broadcasting\\BroadcastManager->resolve()
#1 /home/edvin/projects/demo-app/vendor/laravel/framework/src/Illuminate/Broadcasting/BroadcastManager.php(254): Illuminate\\Broadcasting\\BroadcastManager->get()
#2 /home/edvin/projects/demo-app/vendor/laravel/framework/src/Illuminate/Broadcasting/BroadcastManager.php(550): Illuminate\\Broadcasting\\BroadcastManager->driver()
#3 /home/edvin/projects/demo-app/vendor/laravel/framework/src/Illuminate/Support/Facades/Facade.php(363): Illuminate\\Broadcasting\\BroadcastManager->__call()
#4 /home/edvin/projects/demo-app/routes/channels.php(7): Illuminate\\Support\\Facades\\Facade::__callStatic()
#5 /home/edvin/projects/demo-app/vendor/laravel/framework/src/Illuminate/Foundation/Configuration/ApplicationBuilder.php(132): require('...')
#6 /home/edvin/projects/demo-app/vendor/laravel/framework/src/Illuminate/Foundation/Application.php(1194): Illuminate\\Foundation\\Configuration\\ApplicationBuilder->{closure:Illuminate\\Foundation\\Configuration\\ApplicationBuilder::withBroadcasting():128}()
#7 /home/edvin/projects/demo-app/vendor/laravel/framework/src/Illuminate/Foundation/Application.php(1137): Illuminate\\Foundation\\Application->fireAppCallbacks()
#8 /home/edvin/projects/demo-app/vendor/laravel/framework/src/Illuminate/Foundation/Bootstrap/BootProviders.php(17): Illuminate\\Foundation\\Application->boot()
#9 /home/edvin/projects/demo-app/vendor/laravel/framework/src/Illuminate/Foundation/Application.php(342): Illuminate\\Foundation\\Bootstrap\\BootProviders->bootstrap()
#10 /home/edvin/projects/demo-app/vendor/laravel/framework/src/Illuminate/Foundation/Console/Kernel.php(494): Illuminate\\Foundation\\Application->bootstrapWith()
#11 /home/edvin/projects/demo-app/vendor/laravel/framework/src/Illuminate/Foundation/Console/Kernel.php(196): Illuminate\\Foundation\\Console\\Kernel->bootstrap()
#12 /home/edvin/projects/demo-app/vendor/laravel/framework/src/Illuminate/Foundation/Application.php(1235): Illuminate\\Foundation\\Console\\Kernel->handle()
#13 /home/edvin/projects/demo-app/artisan(13): Illuminate\\Foundation\\Application->handleCommand()
#14 {main}

[previous exception] [object] (TypeError(code: 0): Pusher\\Pusher::__construct(): Argument #1 ($auth_key) must be of type string, null given, called in /home/edvin/projects/demo-app/vendor/laravel/framework/src/Illuminate/Broadcasting/BroadcastManager.php on line 353 at /home/edvin/projects/demo-app/vendor/pusher/pusher-php-server/src/Pusher.php:63)
[stacktrace]
#0 /home/edvin/projects/demo-app/vendor/laravel/framework/src/Illuminate/Broadcasting/BroadcastManager.php(353): Pusher\\Pusher->__construct()
#1 /home/edvin/projects/demo-app/vendor/laravel/framework/src/Illuminate/Broadcasting/BroadcastManager.php(331): Illuminate\\Broadcasting\\BroadcastManager->pusher()
#2 /home/edvin/projects/demo-app/vendor/laravel/framework/src/Illuminate/Broadcasting/BroadcastManager.php(320): Illuminate\\Broadcasting\\BroadcastManager->createPusherDriver()
#3 /home/edvin/projects/demo-app/vendor/laravel/framework/src/Illuminate/Broadcasting/BroadcastManager.php(295): Illuminate\\Broadcasting\\BroadcastManager->createReverbDriver()
#4 /home/edvin/projects/demo-app/vendor/laravel/framework/src/Illuminate/Broadcasting/BroadcastManager.php(265): Illuminate\\Broadcasting\\BroadcastManager->resolve()
#5 /home/edvin/projects/demo-app/vendor/laravel/framework/src/Illuminate/Broadcasting/BroadcastManager.php(254): Illuminate\\Broadcasting\\BroadcastManager->get()
#6 /home/edvin/projects/demo-app/vendor/laravel/framework/src/Illuminate/Broadcasting/BroadcastManager.php(550): Illuminate\\Broadcasting\\BroadcastManager->driver()
#7 /home/edvin/projects/demo-app/vendor/laravel/framework/src/Illuminate/Support/Facades/Facade.php(363): Illuminate\\Broadcasting\\BroadcastManager->__call()
#8 /home/edvin/projects/demo-app/routes/channels.php(7): Illuminate\\Support\\Facades\\Facade::__callStatic()
#9 /home/edvin/projects/demo-app/vendor/laravel/framework/src/Illuminate/Foundation/Configuration/ApplicationBuilder.php(132): require('...')
#10 /home/edvin/projects/demo-app/vendor/laravel/framework/src/Illuminate/Foundation/Application.php(1194): Illuminate\\Foundation\\Configuration\\ApplicationBuilder->{closure:Illuminate\\Foundation\\Configuration\\ApplicationBuilder::withBroadcasting():128}()
#11 /home/edvin/projects/demo-app/vendor/laravel/framework/src/Illuminate/Foundation/Application.php(1137): Illuminate\\Foundation\\Application->fireAppCallbacks()
#12 /home/edvin/projects/demo-app/vendor/laravel/framework/src/Illuminate/Foundation/Bootstrap/BootProviders.php(17): Illuminate\\Foundation\\Application->boot()
#13 /home/edvin/projects/demo-app/vendor/laravel/framework/src/Illuminate/Foundation/Application.php(342): Illuminate\\Foundation\\Bootstrap\\BootProviders->bootstrap()
#14 /home/edvin/projects/demo-app/vendor/laravel/framework/src/Illuminate/Foundation/Console/Kernel.php(494): Illuminate\\Foundation\\Application->bootstrapWith()
#15 /home/edvin/projects/demo-app/vendor/laravel/framework/src/Illuminate/Foundation/Console/Kernel.php(196): Illuminate\\Foundation\\Console\\Kernel->bootstrap()
#16 /home/edvin/projects/demo-app/vendor/laravel/framework/src/Illuminate/Foundation/Application.php(1235): Illuminate\\Foundation\\Console\\Kernel->handle()
#17 /home/edvin/projects/demo-app/artisan(13): Illuminate\\Foundation\\Application->handleCommand()
#18 {main}
"} 
